Collecting tensorflow (from -r requirements.txt (line 1))
  Downloading tensorflow-2.21.0-cp313-cp313-manylinux_2_27_aarch64.whl.metadata (4.4 kB)
Collecting numpy (from -r requirements.txt (line 2))
  Downloading numpy-2.4.4-cp313-cp313-manylinux_2_27_aarch64.manylinux_2_28_aarch64.whl.metadata (6.6 kB)
Collecting pandas (from -r requirements.txt (line 3))
  Downloading pandas-3.0.2-cp313-cp313-manylinux_2_24_aarch64.manylinux_2_28_aarch64.whl.metadata (79 kB)
Collecting scikit-learn (from -r requirements.txt (line 4))
  Downloading scikit_learn-1.8.0-cp313-cp313-manylinux_2_27_aarch64.manylinux_2_28_aarch64.whl.metadata (11 kB)
Collecting paho-mqtt (from -r requirements.txt (line 5))
  Downloading paho_mqtt-2.1.0-py3-none-any.whl.metadata (23 kB)
Collecting psutil (from -r requirements.txt (line 6))
  Downloading psutil-7.2.2-cp36-abi3-manylinux2014_aarch64.manylinux_2_17_aarch64.manylinux_2_28_aarch64.whl.metadata (22 kB)
Collecting keras-tuner (from -r requirements.txt (line 7))
  Downloading keras_tuner-1.4.8-py3-none-any.whl.metadata (5.6 kB)
Collecting absl-py>=1.0.0 (from tensorflow->-r requirements.txt (line 1))
  Downloading absl_py-2.4.0-py3-none-any.whl.metadata (3.3 kB)
Collecting astunparse>=1.6.0 (from tensorflow->-r requirements.txt (line 1))
  Downloading astunparse-1.6.3-py2.py3-none-any.whl.metadata (4.4 kB)
Collecting flatbuffers>=25.9.23 (from tensorflow->-r requirements.txt (line 1))
  Downloading flatbuffers-25.12.19-py2.py3-none-any.whl.metadata (1.0 kB)
Collecting gast!=0.5.0,!=0.5.1,!=0.5.2,>=0.2.1 (from tensorflow->-r requirements.txt (line 1))
  Downloading gast-0.7.0-py3-none-any.whl.metadata (1.5 kB)
Collecting google_pasta>=0.1.1 (from tensorflow->-r requirements.txt (line 1))
  Downloading google_pasta-0.2.0-py3-none-any.whl.metadata (814 bytes)
Collecting libclang>=13.0.0 (from tensorflow->-r requirements.txt (line 1))
  Downloading libclang-18.1.1-py2.py3-none-manylinux2014_aarch64.whl.metadata (5.2 kB)
Collecting opt_einsum>=2.3.2 (from tensorflow->-r requirements.txt (line 1))
  Downloading opt_einsum-3.4.0-py3-none-any.whl.metadata (6.3 kB)
Collecting packaging (from tensorflow->-r requirements.txt (line 1))
  Downloading packaging-26.2-py3-none-any.whl.metadata (3.5 kB)
Collecting protobuf<8.0.0,>=6.31.1 (from tensorflow->-r requirements.txt (line 1))
  Downloading protobuf-7.34.1-cp310-abi3-manylinux2014_aarch64.whl.metadata (595 bytes)
Collecting requests<3,>=2.21.0 (from tensorflow->-r requirements.txt (line 1))
  Downloading requests-2.33.1-py3-none-any.whl.metadata (4.8 kB)
Collecting setuptools (from tensorflow->-r requirements.txt (line 1))
  Downloading setuptools-82.0.1-py3-none-any.whl.metadata (6.5 kB)
Collecting six>=1.12.0 (from tensorflow->-r requirements.txt (line 1))
  Downloading six-1.17.0-py2.py3-none-any.whl.metadata (1.7 kB)
Collecting termcolor>=1.1.0 (from tensorflow->-r requirements.txt (line 1))
  Downloading termcolor-3.3.0-py3-none-any.whl.metadata (6.5 kB)
Collecting typing_extensions>=3.6.6 (from tensorflow->-r requirements.txt (line 1))
  Downloading typing_extensions-4.15.0-py3-none-any.whl.metadata (3.3 kB)
Collecting wrapt>=1.11.0 (from tensorflow->-r requirements.txt (line 1))
  Downloading wrapt-2.1.2-cp313-cp313-manylinux2014_aarch64.manylinux_2_17_aarch64.manylinux_2_28_aarch64.whl.metadata (7.4 kB)
Collecting grpcio<2.0,>=1.24.3 (from tensorflow->-r requirements.txt (line 1))
  Downloading grpcio-1.80.0-cp313-cp313-manylinux2014_aarch64.manylinux_2_17_aarch64.whl.metadata (3.8 kB)
Collecting keras>=3.12.0 (from tensorflow->-r requirements.txt (line 1))
  Downloading keras-3.14.1-py3-none-any.whl.metadata (6.3 kB)
Collecting h5py<3.15.0,>=3.11.0 (from tensorflow->-r requirements.txt (line 1))
  Downloading h5py-3.14.0-cp313-cp313-manylinux_2_17_aarch64.manylinux2014_aarch64.whl.metadata (2.7 kB)
Collecting ml_dtypes<1.0.0,>=0.5.1 (from tensorflow->-r requirements.txt (line 1))
  Downloading ml_dtypes-0.5.4-cp313-cp313-manylinux_2_27_aarch64.manylinux_2_28_aarch64.whl.metadata (8.9 kB)
Collecting charset_normalizer<4,>=2 (from requests<3,>=2.21.0->tensorflow->-r requirements.txt (line 1))
  Downloading charset_normalizer-3.4.7-cp313-cp313-manylinux2014_aarch64.manylinux_2_17_aarch64.manylinux_2_28_aarch64.whl.metadata (40 kB)
Collecting idna<4,>=2.5 (from requests<3,>=2.21.0->tensorflow->-r requirements.txt (line 1))
  Downloading idna-3.14-py3-none-any.whl.metadata (8.0 kB)
Collecting urllib3<3,>=1.26 (from requests<3,>=2.21.0->tensorflow->-r requirements.txt (line 1))
  Downloading urllib3-2.7.0-py3-none-any.whl.metadata (6.9 kB)
Collecting certifi>=2023.5.7 (from requests<3,>=2.21.0->tensorflow->-r requirements.txt (line 1))
  Downloading certifi-2026.4.22-py3-none-any.whl.metadata (2.5 kB)
Collecting python-dateutil>=2.8.2 (from pandas->-r requirements.txt (line 3))
  Downloading python_dateutil-2.9.0.post0-py2.py3-none-any.whl.metadata (8.4 kB)
Collecting scipy>=1.10.0 (from scikit-learn->-r requirements.txt (line 4))
  Downloading scipy-1.17.1-cp313-cp313-manylinux_2_27_aarch64.manylinux_2_28_aarch64.whl.metadata (62 kB)
Collecting joblib>=1.3.0 (from scikit-learn->-r requirements.txt (line 4))
  Downloading joblib-1.5.3-py3-none-any.whl.metadata (5.5 kB)
Collecting threadpoolctl>=3.2.0 (from scikit-learn->-r requirements.txt (line 4))
  Downloading threadpoolctl-3.6.0-py3-none-any.whl.metadata (13 kB)
Collecting kt-legacy (from keras-tuner->-r requirements.txt (line 7))
  Downloading kt_legacy-1.0.5-py3-none-any.whl.metadata (221 bytes)
Collecting wheel<1.0,>=0.23.0 (from astunparse>=1.6.0->tensorflow->-r requirements.txt (line 1))
  Downloading wheel-0.47.0-py3-none-any.whl.metadata (2.3 kB)
Collecting rich (from keras>=3.12.0->tensorflow->-r requirements.txt (line 1))
  Downloading rich-15.0.0-py3-none-any.whl.metadata (18 kB)
Collecting namex (from keras>=3.12.0->tensorflow->-r requirements.txt (line 1))
  Downloading namex-0.1.0-py3-none-any.whl.metadata (322 bytes)
Collecting optree (from keras>=3.12.0->tensorflow->-r requirements.txt (line 1))
  Downloading optree-0.19.1-cp313-cp313-manylinux_2_26_aarch64.manylinux_2_28_aarch64.whl.metadata (32 kB)
Collecting markdown-it-py>=2.2.0 (from rich->keras>=3.12.0->tensorflow->-r requirements.txt (line 1))
  Downloading markdown_it_py-4.2.0-py3-none-any.whl.metadata (7.4 kB)
Collecting pygments<3.0.0,>=2.13.0 (from rich->keras>=3.12.0->tensorflow->-r requirements.txt (line 1))
  Downloading pygments-2.20.0-py3-none-any.whl.metadata (2.5 kB)
Collecting mdurl~=0.1 (from markdown-it-py>=2.2.0->rich->keras>=3.12.0->tensorflow->-r requirements.txt (line 1))
  Downloading mdurl-0.1.2-py3-none-any.whl.metadata (1.6 kB)
Downloading tensorflow-2.21.0-cp313-cp313-manylinux_2_27_aarch64.whl (282.2 MB)
   ━━━━━━━━                                 57.1/282.2 MB 1.8 MB/s eta 0:02:02
ERROR: Operation cancelled by user
